0 info it worked if it ends with ok
1 verbose cli [ '/Users/irynamaslova/.nvm/versions/node/v6.11.3/bin/node',
1 verbose cli   '/Users/irynamaslova/.nvm/versions/node/v6.11.3/bin/npm',
1 verbose cli   'run',
1 verbose cli   'test',
1 verbose cli   'notebooksRoutes.test' ]
2 info using npm@3.10.10
3 info using node@v6.11.3
4 verbose run-script [ 'pretest', 'test', 'posttest' ]
5 info lifecycle lab-13-object-relational-mapping@1.0.0~pretest: lab-13-object-relational-mapping@1.0.0
6 silly lifecycle lab-13-object-relational-mapping@1.0.0~pretest: no script for pretest, continuing
7 info lifecycle lab-13-object-relational-mapping@1.0.0~test: lab-13-object-relational-mapping@1.0.0
8 verbose lifecycle lab-13-object-relational-mapping@1.0.0~test: unsafe-perm in lifecycle true
9 verbose lifecycle lab-13-object-relational-mapping@1.0.0~test: PATH: /Users/irynamaslova/.nvm/versions/node/v6.11.3/lib/node_modules/npm/bin/node-gyp-bin:/Users/irynamaslova/Projects/401/lab-13-object-relational-mapping/node_modules/.bin:/Users/irynamaslova/.nvm/versions/node/v6.11.3/bin:/Users/irynamaslova/.node/bin:/Users/leebroxson/.node/bin:/usr/local/bin:/usr/bin:/bin:/usr/sbin:/sbin
10 verbose lifecycle lab-13-object-relational-mapping@1.0.0~test: CWD: /Users/irynamaslova/Projects/401/lab-13-object-relational-mapping
11 silly lifecycle lab-13-object-relational-mapping@1.0.0~test: Args: [ '-c', 'jest "notebooksRoutes.test"' ]
12 silly lifecycle lab-13-object-relational-mapping@1.0.0~test: Returned: code: 1  signal: null
13 info lifecycle lab-13-object-relational-mapping@1.0.0~test: Failed to exec test script
14 verbose stack Error: lab-13-object-relational-mapping@1.0.0 test: `jest "notebooksRoutes.test"`
14 verbose stack Exit status 1
14 verbose stack     at EventEmitter.<anonymous> (/Users/irynamaslova/.nvm/versions/node/v6.11.3/lib/node_modules/npm/lib/utils/lifecycle.js:255:16)
14 verbose stack     at emitTwo (events.js:106:13)
14 verbose stack     at EventEmitter.emit (events.js:191:7)
14 verbose stack     at ChildProcess.<anonymous> (/Users/irynamaslova/.nvm/versions/node/v6.11.3/lib/node_modules/npm/lib/utils/spawn.js:40:14)
14 verbose stack     at emitTwo (events.js:106:13)
14 verbose stack     at ChildProcess.emit (events.js:191:7)
14 verbose stack     at maybeClose (internal/child_process.js:920:16)
14 verbose stack     at Process.ChildProcess._handle.onexit (internal/child_process.js:230:5)
15 verbose pkgid lab-13-object-relational-mapping@1.0.0
16 verbose cwd /Users/irynamaslova/Projects/401/lab-13-object-relational-mapping
17 error Darwin 16.7.0
18 error argv "/Users/irynamaslova/.nvm/versions/node/v6.11.3/bin/node" "/Users/irynamaslova/.nvm/versions/node/v6.11.3/bin/npm" "run" "test" "notebooksRoutes.test"
19 error node v6.11.3
20 error npm  v3.10.10
21 error code ELIFECYCLE
22 error lab-13-object-relational-mapping@1.0.0 test: `jest "notebooksRoutes.test"`
22 error Exit status 1
23 error Failed at the lab-13-object-relational-mapping@1.0.0 test script 'jest "notebooksRoutes.test"'.
23 error Make sure you have the latest version of node.js and npm installed.
23 error If you do, this is most likely a problem with the lab-13-object-relational-mapping package,
23 error not with npm itself.
23 error Tell the author that this fails on your system:
23 error     jest "notebooksRoutes.test"
23 error You can get information on how to open an issue for this project with:
23 error     npm bugs lab-13-object-relational-mapping
23 error Or if that isn't available, you can get their info via:
23 error     npm owner ls lab-13-object-relational-mapping
23 error There is likely additional logging output above.
24 verbose exit [ 1, true ]
